<?xml version="1.0" encoding="UTF-8"?>
<!-- Generated by org.testng.reporters.JUnitReportReporter -->
<testsuite failures="0" tests="5" name="com.mail.qa.testcases.HomePageTest" time="82.281" errors="0" timestamp="2024-08-20T12:40:26 PDT" skipped="0">
  <testcase classname="com.mail.qa.testcases.HomePageTest" name="VerifyHomePageTitleTest" time="16.179"/>
  <system-out/>
  <testcase classname="com.mail.qa.testcases.HomePageTest" name="VerifyInboxboxLinkTest" time="15.533"/>
  <system-out/>
  <testcase classname="com.mail.qa.testcases.HomePageTest" name="VerifyContactslinkTest" time="17.395"/>
  <system-out/>
  <testcase classname="com.mail.qa.testcases.HomePageTest" name="VerifyCloudLinkTest" time="15.770"/>
  <system-out/>
  <testcase classname="com.mail.qa.testcases.HomePageTest" name="VerifyFooterList" time="17.404"/>
  <system-out/>
</testsuite> <!-- com.mail.qa.testcases.HomePageTest -->
