<?xml version="1.0" encoding="UTF-8"?>
<!-- Generated by org.testng.reporters.JUnitReportReporter -->
<testsuite failures="0" tests="3" name="com.mail.qa.testcases.LoginPageTest" time="31.381" errors="0" timestamp="2024-08-20T12:40:26 PDT" skipped="0">
  <testcase classname="com.mail.qa.testcases.LoginPageTest" name="verifyTitlepageTest" time="11.390"/>
  <system-out/>
  <testcase classname="com.mail.qa.testcases.LoginPageTest" name="MailLogoTest" time="8.555"/>
  <system-out/>
  <testcase classname="com.mail.qa.testcases.LoginPageTest" name="LoginTest" time="11.436"/>
  <system-out/>
</testsuite> <!-- com.mail.qa.testcases.LoginPageTest -->
